<?xml version="1.0" encoding="UTF-8"?>
<!-- Generated by org.testng.reporters.JUnitXMLReporter -->
<testsuite hostname="agnel-Inspiron-3543" name="Chrome test" tests="1" failures="0" timestamp="25 Sep 2018 11:55:00 GMT" time="0.013" errors="0">
  <testcase name="@BeforeClass beforeTest" time="0.0" classname="multibrowser.MultiBrowserEx">
    <failure type="org.testng.TestNGException" message="
Method beforeTest requires 1 parameters but 0 were supplied in the @Configuration annotation.">
      <![CDATA[org.testng.TestNGException: 
Method beforeTest requires 1 parameters but 0 were supplied in the @Configuration annotation.
... Removed 22 stack frames]]>
    </failure>
  </testcase> <!-- @BeforeClass beforeTest -->
  <testcase name="@AfterClass afterTest" time="0.0" classname="multibrowser.MultiBrowserEx">
    <skipped/>
  </testcase> <!-- @AfterClass afterTest -->
  <testcase name="login" time="0.002" classname="multibrowser.MultiBrowserEx">
    <skipped/>
  </testcase> <!-- login -->
</testsuite> <!-- Chrome test -->
